<?xml version="1.0" encoding="UTF-8"?>
<testsuite name="CabInvoiceGeneratorTest" tests="1" skipped="0" failures="0" errors="0" timestamp="2020-11-19T18:05:24" hostname="pawan" time="0.001">
  <properties/>
  <testcase name="ProvideMultipleRideOfUser_WhenCalculateForPremium_ShouldReturnInvoice" classname="CabInvoiceGeneratorTest" time="0.001"/>
  <system-out><![CDATA[]]></system-out>
  <system-err><![CDATA[]]></system-err>
</testsuite>
