<?xml version="1.0" encoding="UTF-8"?>
<testsuite name="CabInvoiceGeneratorTest" tests="1" skipped="0" failures="0" errors="0" timestamp="2020-11-21T05:26:30" hostname="pawan" time="0.002">
  <properties/>
  <testcase name="ProvideMultipleRideOfUser_WhenCalculateForPremium_ShouldReturnInvoice" classname="CabInvoiceGeneratorTest" time="0.002"/>
  <system-out><![CDATA[]]></system-out>
  <system-err><![CDATA[]]></system-err>
</testsuite>
